TN:
SF:src/index.ts
FN:39,(anonymous_0)
FN:40,(anonymous_1)
FN:40,(anonymous_2)
FN:41,(anonymous_3)
FN:41,(anonymous_4)
FN:41,(anonymous_5)
FN:61,(anonymous_6)
FN:61,(anonymous_7)
FN:61,(anonymous_8)
FN:61,(anonymous_9)
FN:61,(anonymous_10)
FN:64,(anonymous_11)
FN:64,(anonymous_12)
FN:67,(anonymous_13)
FN:67,(anonymous_14)
FN:67,(anonymous_15)
FN:71,(anonymous_16)
FN:72,(anonymous_17)
FN:73,(anonymous_18)
FN:74,(anonymous_19)
FN:75,(anonymous_20)
FN:75,(anonymous_21)
FNF:22
FNH:0
FNDA:0,(anonymous_0)
FNDA:0,(anonymous_1)
FNDA:0,(anonymous_2)
FNDA:0,(anonymous_3)
FNDA:0,(anonymous_4)
FNDA:0,(anonymous_5)
FNDA:0,(anonymous_6)
FNDA:0,(anonymous_7)
FNDA:0,(anonymous_8)
FNDA:0,(anonymous_9)
FNDA:0,(anonymous_10)
FNDA:0,(anonymous_11)
FNDA:0,(anonymous_12)
FNDA:0,(anonymous_13)
FNDA:0,(anonymous_14)
FNDA:0,(anonymous_15)
FNDA:0,(anonymous_16)
FNDA:0,(anonymous_17)
FNDA:0,(anonymous_18)
FNDA:0,(anonymous_19)
FNDA:0,(anonymous_20)
FNDA:0,(anonymous_21)
DA:39,0
DA:40,0
DA:41,0
DA:61,0
DA:64,0
DA:67,0
DA:71,0
DA:72,0
DA:73,0
DA:74,0
DA:75,0
LF:11
LH:0
BRF:0
BRH:0
end_of_record
TN:
SF:src/cli/commands/generate.ts
FN:10,getToolkitVersionDetails
FN:97,generateScraper
FN:131,promptForConfig
FN:138,(anonymous_4)
FN:169,(anonymous_5)
FN:192,promptForTemplateConfig
FN:332,promptForOutputFields
FN:342,(anonymous_8)
FN:348,(anonymous_9)
FN:395,createConfigFromOptions
FN:419,generateScraperFiles
FN:499,processTemplate
FNF:12
FNH:0
FNDA:0,getToolkitVersionDetails
FNDA:0,generateScraper
FNDA:0,promptForConfig
FNDA:0,(anonymous_4)
FNDA:0,(anonymous_5)
FNDA:0,promptForTemplateConfig
FNDA:0,promptForOutputFields
FNDA:0,(anonymous_8)
FNDA:0,(anonymous_9)
FNDA:0,createConfigFromOptions
FNDA:0,generateScraperFiles
FNDA:0,processTemplate
DA:1,0
DA:2,0
DA:3,0
DA:4,0
DA:5,0
DA:6,0
DA:11,0
DA:12,0
DA:13,0
DA:14,0
DA:15,0
DA:21,0
DA:27,0
DA:44,0
DA:97,0
DA:98,0
DA:99,0
DA:103,0
DA:104,0
DA:106,0
DA:109,0
DA:111,0
DA:112,0
DA:113,0
DA:115,0
DA:116,0
DA:117,0
DA:118,0
DA:119,0
DA:120,0
DA:122,0
DA:123,0
DA:124,0
DA:132,0
DA:139,0
DA:140,0
DA:141,0
DA:142,0
DA:170,0
DA:171,0
DA:172,0
DA:174,0
DA:181,0
DA:183,0
DA:196,0
DA:207,0
DA:209,0
DA:224,0
DA:230,0
DA:231,0
DA:234,0
DA:249,0
DA:254,0
DA:258,0
DA:264,0
DA:278,0
DA:279,0
DA:287,0
DA:288,0
DA:289,0
DA:297,0
DA:299,0
DA:307,0
DA:309,0
DA:313,0
DA:322,0
DA:323,0
DA:326,0
DA:333,0
DA:334,0
DA:336,0
DA:337,0
DA:342,0
DA:348,0
DA:363,0
DA:364,0
DA:372,0
DA:375,0
DA:377,0
DA:386,0
DA:389,0
DA:396,0
DA:397,0
DA:400,0
DA:420,0
DA:423,0
DA:424,0
DA:427,0
DA:428,0
DA:432,0
DA:435,0
DA:436,0
DA:437,0
DA:440,0
DA:441,0
DA:442,0
DA:445,0
DA:449,0
DA:475,0
DA:478,0
DA:493,0
DA:500,0
LF:102
LH:0
BRDA:103,0,0,0
BRDA:103,0,1,0
BRDA:112,1,0,0
BRDA:112,1,1,0
BRDA:117,2,0,0
BRDA:117,2,1,0
BRDA:123,3,0,0
BRDA:123,3,1,0
BRDA:137,4,0,0
BRDA:137,4,1,0
BRDA:139,5,0,0
BRDA:140,6,0,0
BRDA:163,7,0,0
BRDA:163,7,1,0
BRDA:207,8,0,0
BRDA:207,8,1,0
BRDA:207,8,2,0
BRDA:207,8,3,0
BRDA:207,8,4,0
BRDA:207,8,5,0
BRDA:278,9,0,0
BRDA:278,9,1,0
BRDA:288,10,0,0
BRDA:288,10,1,0
BRDA:322,11,0,0
BRDA:342,12,0,0
BRDA:342,12,1,0
BRDA:348,13,0,0
BRDA:348,13,1,0
BRDA:363,14,0,0
BRDA:396,15,0,0
BRDA:404,16,0,0
BRDA:404,16,1,0
BRDA:423,17,0,0
BRDA:427,18,0,0
BRDA:441,19,0,0
BRDA:462,20,0,0
BRDA:462,20,1,0
BRDA:464,21,0,0
BRDA:464,21,1,0
BRDA:467,22,0,0
BRDA:467,22,1,0
BRDA:468,23,0,0
BRDA:468,23,1,0
BRDA:469,24,0,0
BRDA:469,24,1,0
BRDA:470,25,0,0
BRDA:470,25,1,0
BRDA:471,26,0,0
BRDA:471,26,1,0
BRF:50
BRH:0
end_of_record
TN:
SF:src/cli/commands/init.ts
FN:8,getToolkitVersionDetails
FN:52,initProject
FN:80,promptForProjectConfig
FN:87,(anonymous_4)
FN:117,createProject
FNF:5
FNH:0
FNDA:0,getToolkitVersionDetails
FNDA:0,initProject
FNDA:0,promptForProjectConfig
FNDA:0,(anonymous_4)
FNDA:0,createProject
DA:1,0
DA:2,0
DA:3,0
DA:4,0
DA:5,0
DA:9,0
DA:10,0
DA:11,0
DA:12,0
DA:13,0
DA:19,0
DA:21,0
DA:38,0
DA:52,0
DA:53,0
DA:54,0
DA:56,0
DA:57,0
DA:59,0
DA:60,0
DA:61,0
DA:63,0
DA:64,0
DA:65,0
DA:66,0
DA:67,0
DA:68,0
DA:71,0
DA:72,0
DA:73,0
DA:81,0
DA:88,0
DA:89,0
DA:90,0
DA:111,0
DA:118,0
DA:120,0
DA:121,0
DA:125,0
DA:128,0
DA:136,0
DA:137,0
DA:140,0
DA:141,0
DA:145,0
DA:179,0
DA:185,0
DA:186,0
DA:204,0
DA:211,0
DA:241,0
DA:246,0
DA:272,0
DA:312,0
DA:315,0
DA:350,0
DA:353,0
DA:355,0
DA:407,0
LF:59
LH:0
BRDA:72,0,0,0
BRDA:72,0,1,0
BRDA:86,1,0,0
BRDA:86,1,1,0
BRDA:88,2,0,0
BRDA:89,3,0,0
BRDA:101,4,0,0
BRDA:101,4,1,0
BRDA:120,5,0,0
BRDA:136,6,0,0
BRDA:149,7,0,0
BRDA:149,7,1,0
BRDA:151,8,0,0
BRDA:151,8,1,0
BRDA:165,9,0,0
BRDA:165,9,1,0
BRDA:166,10,0,0
BRDA:166,10,1,0
BRDA:169,11,0,0
BRDA:169,11,1,0
BRDA:170,12,0,0
BRDA:170,12,1,0
BRDA:171,13,0,0
BRDA:171,13,1,0
BRDA:172,14,0,0
BRDA:172,14,1,0
BRDA:173,15,0,0
BRDA:173,15,1,0
BRDA:174,16,0,0
BRDA:174,16,1,0
BRDA:185,17,0,0
BRDA:211,18,0,0
BRDA:211,18,1,0
BRDA:242,19,0,0
BRDA:242,19,1,0
BRDA:299,20,0,0
BRDA:299,20,1,0
BRDA:353,21,0,0
BRDA:355,22,0,0
BRDA:355,22,1,0
BRDA:408,23,0,0
BRDA:408,23,1,0
BRF:42
BRH:0
end_of_record
TN:
SF:src/cli/commands/run.ts
FN:32,runScraper
FN:99,(anonymous_11)
FNF:2
FNH:0
FNDA:0,runScraper
FNDA:0,(anonymous_11)
DA:1,0
DA:2,0
DA:3,0
DA:4,0
DA:6,0
DA:7,0
DA:8,0
DA:21,0
DA:27,0
DA:32,0
DA:33,0
DA:35,0
DA:36,0
DA:39,0
DA:42,0
DA:43,0
DA:44,0
DA:47,0
DA:51,0
DA:52,0
DA:53,0
DA:56,0
DA:58,0
DA:60,0
DA:62,0
DA:63,0
DA:64,0
DA:66,0
DA:74,0
DA:75,0
DA:76,0
DA:78,0
DA:83,0
DA:87,0
DA:88,0
DA:94,0
DA:96,0
DA:99,0
DA:102,0
DA:105,0
DA:111,0
DA:112,0
DA:117,0
DA:123,0
DA:125,0
DA:128,0
DA:129,0
DA:130,0
DA:132,0
DA:133,0
DA:135,0
DA:136,0
DA:138,0
DA:139,0
DA:141,0
DA:143,0
DA:144,0
DA:146,0
DA:147,0
DA:149,0
DA:153,0
DA:155,0
DA:156,0
DA:157,0
LF:64
LH:0
BRDA:35,0,0,0
BRDA:42,1,0,0
BRDA:47,2,0,0
BRDA:47,2,1,0
BRDA:51,3,0,0
BRDA:62,4,0,0
BRDA:63,5,0,0
BRDA:63,5,1,0
BRDA:74,6,0,0
BRDA:80,7,0,0
BRDA:80,7,1,0
BRDA:105,8,0,0
BRDA:106,9,0,0
BRDA:106,9,1,0
BRDA:106,9,2,0
BRDA:106,9,3,0
BRDA:125,10,0,0
BRDA:125,10,1,0
BRDA:132,11,0,0
BRDA:132,11,1,0
BRDA:144,12,0,0
BRDA:144,12,1,0
BRDA:156,13,0,0
BRDA:156,13,1,0
BRF:24
BRH:0
end_of_record
TN:
SF:src/cli/commands/update.ts
FN:17,updateProject
FNF:1
FNH:0
FNDA:0,updateProject
DA:1,0
DA:2,0
DA:4,0
DA:9,0
DA:17,0
DA:18,0
DA:19,0
LF:7
LH:0
BRF:0
BRH:0
end_of_record
TN:
SF:src/cli/commands/validate.ts
FN:15,validateConfig
FN:50,(anonymous_2)
FN:58,(anonymous_3)
FNF:3
FNH:0
FNDA:0,validateConfig
FNDA:0,(anonymous_2)
FNDA:0,(anonymous_3)
DA:1,0
DA:2,0
DA:3,0
DA:15,0
DA:16,0
DA:17,0
DA:19,0
DA:21,0
DA:22,0
DA:23,0
DA:26,0
DA:27,0
DA:28,0
DA:30,0
DA:32,0
DA:33,0
DA:36,0
DA:37,0
DA:38,0
DA:39,0
DA:40,0
DA:41,0
DA:42,0
DA:43,0
DA:46,0
DA:47,0
DA:48,0
DA:49,0
DA:50,0
DA:51,0
DA:56,0
DA:57,0
DA:58,0
DA:59,0
DA:61,0
DA:65,0
DA:66,0
DA:67,0
LF:38
LH:0
BRDA:19,0,0,0
BRDA:19,0,1,0
BRDA:21,1,0,0
BRDA:32,2,0,0
BRDA:32,2,1,0
BRDA:47,3,0,0
BRDA:51,4,0,0
BRDA:51,4,1,0
BRDA:66,5,0,0
BRDA:66,5,1,0
BRF:10
BRH:0
end_of_record
TN:
SF:src/cli/templates/index.ts
FN:1131,getTemplate
FN:1142,getAvailableTemplates
FN:1143,(anonymous_2)
FNF:3
FNH:0
FNDA:0,getTemplate
FNDA:0,getAvailableTemplates
FNDA:0,(anonymous_2)
DA:15,0
DA:181,0
DA:338,0
DA:510,0
DA:834,0
DA:962,0
DA:1119,0
DA:1131,0
DA:1132,0
DA:1133,0
DA:1134,0
DA:1136,0
DA:1142,0
DA:1143,0
LF:14
LH:0
BRDA:1133,0,0,0
BRF:1
BRH:0
end_of_record
TN:
SF:src/core/browser-pool.ts
FN:31,(anonymous_0)
FN:48,(anonymous_1)
FN:55,(anonymous_2)
FN:102,(anonymous_3)
FN:103,(anonymous_4)
FN:130,(anonymous_5)
FN:136,(anonymous_6)
FN:155,(anonymous_7)
FN:193,(anonymous_8)
FN:201,(anonymous_9)
FN:211,(anonymous_10)
FN:245,(anonymous_11)
FN:260,(anonymous_12)
FN:261,(anonymous_13)
FN:262,(anonymous_14)
FN:266,(anonymous_15)
FN:267,(anonymous_16)
FN:280,(anonymous_17)
FN:296,(anonymous_18)
FN:297,(anonymous_19)
FN:298,(anonymous_20)
FNF:21
FNH:14
FNDA:7,(anonymous_0)
FNDA:11,(anonymous_1)
FNDA:4,(anonymous_2)
FNDA:10,(anonymous_3)
FNDA:12,(anonymous_4)
FNDA:6,(anonymous_5)
FNDA:4,(anonymous_6)
FNDA:12,(anonymous_7)
FNDA:8,(anonymous_8)
FNDA:9,(anonymous_9)
FNDA:10,(anonymous_10)
FNDA:10,(anonymous_11)
FNDA:0,(anonymous_12)
FNDA:0,(anonymous_13)
FNDA:0,(anonymous_14)
FNDA:0,(anonymous_15)
FNDA:0,(anonymous_16)
FNDA:0,(anonymous_17)
FNDA:7,(anonymous_18)
FNDA:11,(anonymous_19)
FNDA:0,(anonymous_20)
DA:1,1
DA:2,1
DA:3,1
DA:19,1
DA:20,7
DA:24,7
DA:32,7
DA:33,7
DA:34,7
DA:35,7
DA:36,7
DA:49,11
DA:50,0
DA:51,0
DA:55,11
DA:57,11
DA:58,1
DA:63,1
DA:64,0
DA:67,0
DA:70,1
DA:71,1
DA:73,1
DA:74,1
DA:78,10
DA:79,10
DA:84,10
DA:85,10
DA:87,10
DA:88,10
DA:92,0
DA:93,0
DA:103,12
DA:105,10
DA:106,10
DA:107,0
DA:111,10
DA:112,10
DA:113,10
DA:114,10
DA:116,0
DA:136,6
DA:137,6
DA:143,6
DA:144,6
DA:156,12
DA:157,0
DA:158,0
DA:161,12
DA:162,12
DA:164,12
DA:165,6
DA:166,1
DA:170,12
DA:171,1
DA:175,1
DA:176,1
DA:177,1
DA:178,1
DA:179,1
DA:183,1
DA:194,8
DA:195,8
DA:197,8
DA:198,8
DA:201,9
DA:202,8
DA:204,8
DA:205,8
DA:212,10
DA:218,10
DA:219,10
DA:225,10
DA:226,10
DA:228,10
DA:238,10
DA:239,10
DA:246,10
DA:247,10
DA:248,10
DA:250,0
DA:261,0
DA:262,0
DA:263,0
DA:266,0
DA:267,0
DA:269,0
DA:270,0
DA:271,0
DA:273,0
DA:274,0
DA:277,0
DA:278,0
DA:281,0
DA:282,0
DA:286,0
DA:297,7
DA:298,11
DA:299,0
DA:316,1
LF:100
LH:73
BRDA:49,0,0,0
BRDA:57,1,0,1
BRDA:63,2,0,0
BRDA:78,3,0,10
BRDA:105,4,0,10
BRDA:105,4,1,0
BRDA:106,5,0,0
BRDA:156,6,0,0
BRDA:165,7,0,1
BRDA:165,8,0,6
BRDA:165,8,1,6
BRDA:170,9,0,1
BRDA:178,10,0,1
BRDA:197,11,0,8
BRDA:252,12,0,0
BRDA:252,12,1,0
BRDA:269,13,0,0
BRDA:277,14,0,0
BRDA:277,14,1,0
BRDA:300,15,0,0
BRDA:300,15,1,0
BRF:21
BRH:9
end_of_record
TN:
SF:src/core/config-manager.ts
FN:149,(anonymous_1)
FN:160,(anonymous_2)
FN:171,(anonymous_3)
FN:183,(anonymous_4)
FN:233,(anonymous_5)
FN:319,(anonymous_6)
FN:333,(anonymous_7)
FN:345,(anonymous_8)
FN:355,(anonymous_9)
FN:368,(anonymous_10)
FN:382,(anonymous_11)
FN:389,(anonymous_12)
FN:408,(anonymous_13)
FN:428,(anonymous_14)
FN:489,(anonymous_15)
FN:508,(anonymous_16)
FN:529,(anonymous_17)
FN:540,(anonymous_18)
FN:560,(anonymous_19)
FN:574,createConfig
FNF:20
FNH:20
FNDA:12,(anonymous_1)
FNDA:6,(anonymous_2)
FNDA:1,(anonymous_3)
FNDA:3,(anonymous_4)
FNDA:2,(anonymous_5)
FNDA:2,(anonymous_6)
FNDA:1,(anonymous_7)
FNDA:3,(anonymous_8)
FNDA:2,(anonymous_9)
FNDA:2,(anonymous_10)
FNDA:15,(anonymous_11)
FNDA:3,(anonymous_12)
FNDA:8,(anonymous_13)
FNDA:1,(anonymous_14)
FNDA:1,(anonymous_15)
FNDA:1,(anonymous_16)
FNDA:1,(anonymous_17)
FNDA:1,(anonymous_18)
FNDA:1,(anonymous_19)
FNDA:1,createConfig
DA:1,1
DA:2,1
DA:3,1
DA:4,1
DA:5,1
DA:7,1
DA:67,1
DA:95,1
DA:117,1
DA:139,1
DA:141,12
DA:142,12
DA:150,12
DA:151,12
DA:152,1
DA:163,6
DA:172,1
DA:173,1
DA:184,3
DA:185,3
DA:186,0
DA:189,3
DA:190,3
DA:196,3
DA:198,1
DA:201,2
DA:204,3
DA:207,3
DA:208,1
DA:209,2
DA:214,3
DA:215,0
DA:216,0
DA:217,0
DA:221,3
DA:234,2
DA:237,2
DA:240,2
DA:246,1
DA:268,2
DA:273,1
DA:291,2
DA:292,1
DA:293,1
DA:295,1
DA:308,2
DA:309,2
DA:320,2
DA:321,2
DA:322,0
DA:325,2
DA:326,2
DA:334,1
DA:346,3
DA:348,3
DA:349,3
DA:350,2
DA:352,1
DA:353,1
DA:355,2
DA:359,0
DA:369,2
DA:370,1
DA:373,1
DA:383,15
DA:390,3
DA:392,3
DA:393,3
DA:394,0
DA:395,3
DA:396,3
DA:398,0
DA:401,0
DA:409,8
DA:416,8
DA:418,8
DA:419,8
DA:421,1
DA:430,1
DA:433,1
DA:442,1
DA:443,6
DA:444,0
DA:445,0
DA:446,0
DA:454,1
DA:466,1
DA:480,1
DA:481,1
DA:490,1
DA:492,1
DA:493,1
DA:494,1
DA:495,1
DA:496,0
DA:498,1
DA:499,1
DA:509,1
DA:510,1
DA:511,1
DA:512,1
DA:513,1
DA:514,1
DA:515,1
DA:516,1
DA:517,1
DA:518,1
DA:519,1
DA:520,1
DA:530,1
DA:531,1
DA:544,1
DA:545,1
DA:546,1
DA:547,1
DA:551,1
DA:562,1
DA:574,1
DA:575,1
LF:119
LH:106
BRDA:149,0,0,1
BRDA:151,1,0,1
BRDA:185,2,0,0
BRDA:196,3,0,1
BRDA:196,3,1,2
BRDA:196,4,0,3
BRDA:196,4,1,3
BRDA:196,4,2,2
BRDA:198,5,0,1
BRDA:198,5,1,1
BRDA:207,6,0,1
BRDA:214,7,0,0
BRDA:240,8,0,1
BRDA:241,9,0,2
BRDA:241,9,1,1
BRDA:241,9,2,1
BRDA:241,9,3,1
BRDA:247,10,0,1
BRDA:247,10,1,0
BRDA:250,11,0,0
BRDA:250,11,1,1
BRDA:255,12,0,1
BRDA:255,12,1,0
BRDA:258,13,0,0
BRDA:258,13,1,1
BRDA:268,14,0,1
BRDA:269,15,0,2
BRDA:269,15,1,1
BRDA:269,15,2,1
BRDA:274,16,0,1
BRDA:274,16,1,0
BRDA:278,17,0,0
BRDA:278,17,1,1
BRDA:283,18,0,1
BRDA:283,18,1,1
BRDA:291,19,0,1
BRDA:291,20,0,2
BRDA:291,20,1,1
BRDA:297,21,0,1
BRDA:297,21,1,0
BRDA:297,22,0,1
BRDA:297,22,1,1
BRDA:302,23,0,0
BRDA:302,23,1,1
BRDA:302,24,0,1
BRDA:302,24,1,0
BRDA:321,25,0,0
BRDA:346,26,0,3
BRDA:346,26,1,1
BRDA:352,27,0,1
BRDA:368,28,0,0
BRDA:369,29,0,1
BRDA:369,29,1,1
BRDA:393,30,0,0
BRDA:393,30,1,3
BRDA:395,31,0,3
BRDA:395,31,1,0
BRDA:395,32,0,3
BRDA:395,32,1,0
BRDA:410,33,0,8
BRDA:410,33,1,7
BRDA:411,34,0,8
BRDA:411,34,1,3
BRDA:412,35,0,8
BRDA:412,35,1,6
BRDA:413,36,0,8
BRDA:413,36,1,5
BRDA:443,37,0,0
BRDA:492,38,0,1
BRDA:493,39,0,1
BRDA:494,40,0,0
BRDA:495,41,0,0
BRDA:510,42,0,1
BRDA:511,43,0,0
BRDA:512,44,0,1
BRDA:513,45,0,0
BRDA:514,46,0,0
BRDA:515,47,0,0
BRDA:516,48,0,0
BRDA:517,49,0,0
BRDA:518,50,0,0
BRDA:530,51,0,1
BRDA:530,51,1,1
BRDA:545,52,0,1
BRDA:546,53,0,1
BRF:85
BRH:59
end_of_record
TN:
SF:src/core/scraper.ts
FN:60,(anonymous_0)
FN:91,(anonymous_1)
FN:227,(anonymous_2)
FN:237,(anonymous_3)
FN:246,(anonymous_4)
FN:256,(anonymous_5)
FN:299,(anonymous_6)
FN:317,(anonymous_7)
FN:336,(anonymous_8)
FN:354,(anonymous_9)
FN:384,(anonymous_10)
FN:429,(anonymous_11)
FN:451,(anonymous_12)
FN:478,(anonymous_13)
FN:514,(anonymous_14)
FN:526,(anonymous_15)
FN:549,(anonymous_16)
FN:572,(anonymous_17)
FN:581,(anonymous_18)
FN:582,(anonymous_19)
FNF:20
FNH:0
FNDA:0,(anonymous_0)
FNDA:0,(anonymous_1)
FNDA:0,(anonymous_2)
FNDA:0,(anonymous_3)
FNDA:0,(anonymous_4)
FNDA:0,(anonymous_5)
FNDA:0,(anonymous_6)
FNDA:0,(anonymous_7)
FNDA:0,(anonymous_8)
FNDA:0,(anonymous_9)
FNDA:0,(anonymous_10)
FNDA:0,(anonymous_11)
FNDA:0,(anonymous_12)
FNDA:0,(anonymous_13)
FNDA:0,(anonymous_14)
FNDA:0,(anonymous_15)
FNDA:0,(anonymous_16)
FNDA:0,(anonymous_17)
FNDA:0,(anonymous_18)
FNDA:0,(anonymous_19)
DA:1,0
DA:15,0
DA:47,0
DA:51,0
DA:52,0
DA:53,0
DA:61,0
DA:62,0
DA:63,0
DA:64,0
DA:65,0
DA:66,0
DA:96,0
DA:97,0
DA:99,0
DA:104,0
DA:107,0
DA:108,0
DA:109,0
DA:110,0
DA:111,0
DA:112,0
DA:117,0
DA:119,0
DA:120,0
DA:122,0
DA:123,0
DA:134,0
DA:136,0
DA:138,0
DA:139,0
DA:140,0
DA:143,0
DA:144,0
DA:145,0
DA:146,0
DA:150,0
DA:151,0
DA:153,0
DA:155,0
DA:157,0
DA:163,0
DA:174,0
DA:176,0
DA:177,0
DA:178,0
DA:179,0
DA:182,0
DA:186,0
DA:189,0
DA:192,0
DA:198,0
DA:204,0
DA:205,0
DA:209,0
DA:215,0
DA:217,0
DA:228,0
DA:229,0
DA:238,0
DA:239,0
DA:247,0
DA:248,0
DA:257,0
DA:262,0
DA:263,0
DA:265,0
DA:266,0
DA:267,0
DA:268,0
DA:270,0
DA:278,0
DA:279,0
DA:280,0
DA:281,0
DA:283,0
DA:288,0
DA:289,0
DA:300,0
DA:301,0
DA:303,0
DA:305,0
DA:306,0
DA:307,0
DA:318,0
DA:319,0
DA:320,0
DA:321,0
DA:322,0
DA:323,0
DA:325,0
DA:337,0
DA:340,0
DA:341,0
DA:342,0
DA:343,0
DA:347,0
DA:348,0
DA:358,0
DA:361,0
DA:363,0
DA:364,0
DA:367,0
DA:368,0
DA:372,0
DA:375,0
DA:378,0
DA:388,0
DA:389,0
DA:391,0
DA:393,0
DA:394,0
DA:397,0
DA:398,0
DA:400,0
DA:401,0
DA:404,0
DA:405,0
DA:407,0
DA:412,0
DA:413,0
DA:414,0
DA:419,0
DA:422,0
DA:433,0
DA:434,0
DA:436,0
DA:438,0
DA:439,0
DA:440,0
DA:444,0
DA:448,0
DA:449,0
DA:450,0
DA:451,0
DA:455,0
DA:459,0
DA:460,0
DA:461,0
DA:463,0
DA:468,0
DA:471,0
DA:484,0
DA:485,0
DA:486,0
DA:487,0
DA:489,0
DA:497,0
DA:498,0
DA:499,0
DA:500,0
DA:502,0
DA:515,0
DA:516,0
DA:517,0
DA:518,0
DA:520,0
DA:532,0
DA:555,0
DA:573,0
DA:574,0
DA:582,0
LF:162
LH:0
BRDA:101,0,0,0
BRDA:101,0,1,0
BRDA:107,1,0,0
BRDA:109,2,0,0
BRDA:143,3,0,0
BRDA:145,4,0,0
BRDA:155,5,0,0
BRDA:155,5,1,0
BRDA:176,6,0,0
BRDA:186,7,0,0
BRDA:262,8,0,0
BRDA:266,9,0,0
BRDA:300,10,0,0
BRDA:305,11,0,0
BRDA:319,12,0,0
BRDA:321,13,0,0
BRDA:321,13,1,0
BRDA:342,14,0,0
BRDA:363,15,0,0
BRDA:367,16,0,0
BRDA:391,17,0,0
BRDA:391,17,1,0
BRDA:391,17,2,0
BRDA:391,17,3,0
BRDA:391,17,4,0
BRDA:400,18,0,0
BRDA:404,19,0,0
BRDA:436,20,0,0
BRDA:436,20,1,0
BRDA:436,20,2,0
BRDA:436,20,3,0
BRDA:436,20,4,0
BRDA:439,21,0,0
BRDA:449,22,0,0
BRDA:451,23,0,0
BRDA:451,23,1,0
BRDA:460,24,0,0
BRDA:484,25,0,0
BRDA:484,25,1,0
BRDA:491,26,0,0
BRDA:491,26,1,0
BRDA:497,27,0,0
BRDA:497,27,1,0
BRDA:505,28,0,0
BRDA:505,28,1,0
BRDA:515,29,0,0
BRDA:515,30,0,0
BRDA:515,30,1,0
BRDA:515,30,2,0
BRDA:574,31,0,0
BRDA:574,31,1,0
BRF:51
BRH:0
end_of_record
TN:
SF:src/plugins/index.ts
FN:13,(anonymous_0)
FN:18,(anonymous_1)
FN:22,(anonymous_2)
FN:28,(anonymous_3)
FN:43,(anonymous_4)
FN:47,(anonymous_5)
FN:52,(anonymous_6)
FN:63,(anonymous_7)
FN:74,(anonymous_8)
FN:81,(anonymous_9)
FN:88,(anonymous_10)
FN:106,(anonymous_11)
FN:110,(anonymous_12)
FN:114,(anonymous_13)
FN:128,(anonymous_14)
FN:135,(anonymous_15)
FN:148,(anonymous_16)
FN:164,(anonymous_17)
FN:169,(anonymous_18)
FN:173,(anonymous_19)
FN:199,(anonymous_20)
FN:211,(anonymous_21)
FN:250,(anonymous_22)
FN:256,(anonymous_23)
FN:261,(anonymous_24)
FN:266,(anonymous_25)
FN:271,(anonymous_26)
FN:282,(anonymous_27)
FN:289,(anonymous_28)
FNF:29
FNH:0
FNDA:0,(anonymous_0)
FNDA:0,(anonymous_1)
FNDA:0,(anonymous_2)
FNDA:0,(anonymous_3)
FNDA:0,(anonymous_4)
FNDA:0,(anonymous_5)
FNDA:0,(anonymous_6)
FNDA:0,(anonymous_7)
FNDA:0,(anonymous_8)
FNDA:0,(anonymous_9)
FNDA:0,(anonymous_10)
FNDA:0,(anonymous_11)
FNDA:0,(anonymous_12)
FNDA:0,(anonymous_13)
FNDA:0,(anonymous_14)
FNDA:0,(anonymous_15)
FNDA:0,(anonymous_16)
FNDA:0,(anonymous_17)
FNDA:0,(anonymous_18)
FNDA:0,(anonymous_19)
FNDA:0,(anonymous_20)
FNDA:0,(anonymous_21)
FNDA:0,(anonymous_22)
FNDA:0,(anonymous_23)
FNDA:0,(anonymous_24)
FNDA:0,(anonymous_25)
FNDA:0,(anonymous_26)
FNDA:0,(anonymous_27)
FNDA:0,(anonymous_28)
DA:6,0
DA:7,0
DA:8,0
DA:14,0
DA:15,0
DA:19,0
DA:23,0
DA:28,0
DA:36,0
DA:37,0
DA:38,0
DA:40,0
DA:44,0
DA:48,0
DA:49,0
DA:53,0
DA:54,0
DA:56,0
DA:58,0
DA:59,0
DA:64,0
DA:65,0
DA:66,0
DA:75,0
DA:82,0
DA:89,0
DA:99,0
DA:100,0
DA:101,0
DA:104,0
DA:107,0
DA:111,0
DA:115,0
DA:116,0
DA:117,0
DA:121,0
DA:129,0
DA:136,0
DA:137,0
DA:138,0
DA:139,0
DA:140,0
DA:149,0
DA:156,0
DA:157,0
DA:158,0
DA:160,0
DA:165,0
DA:166,0
DA:170,0
DA:174,0
DA:175,0
DA:177,0
DA:178,0
DA:179,0
DA:180,0
DA:184,0
DA:188,0
DA:189,0
DA:193,0
DA:194,0
DA:195,0
DA:196,0
DA:198,0
DA:199,0
DA:205,0
DA:212,0
DA:214,0
DA:215,0
DA:221,0
DA:229,0
DA:230,0
DA:231,0
DA:233,0
DA:251,0
DA:252,0
DA:253,0
DA:257,0
DA:258,0
DA:262,0
DA:263,0
DA:267,0
DA:268,0
DA:272,0
DA:273,0
DA:274,0
DA:275,0
DA:283,0
DA:290,0
LF:89
LH:0
BRDA:13,0,0,0
BRDA:14,1,0,0
BRDA:14,1,1,0
BRDA:15,2,0,0
BRDA:15,2,1,0
BRDA:43,3,0,0
BRDA:44,4,0,0
BRDA:44,4,1,0
BRDA:56,5,0,0
BRDA:56,6,0,0
BRDA:56,6,1,0
BRDA:64,7,0,0
BRDA:115,8,0,0
BRDA:115,9,0,0
BRDA:115,9,1,0
BRDA:137,10,0,0
BRDA:139,11,0,0
BRDA:164,12,0,0
BRDA:165,13,0,0
BRDA:165,13,1,0
BRDA:166,14,0,0
BRDA:166,14,1,0
BRDA:174,15,0,0
BRDA:174,15,1,0
BRDA:178,16,0,0
BRDA:188,17,0,0
BRDA:188,17,1,0
BRDA:193,18,0,0
BRDA:195,19,0,0
BRDA:198,20,0,0
BRDA:272,21,0,0
BRDA:272,22,0,0
BRDA:272,22,1,0
BRF:33
BRH:0
end_of_record
TN:
SF:src/utils/logger.ts
FN:26,createLogger
FN:37,(anonymous_2)
FNF:2
FNH:1
FNDA:8,createLogger
FNDA:0,(anonymous_2)
DA:1,1
DA:26,1
DA:27,8
DA:30,8
DA:33,8
DA:34,0
DA:36,8
DA:38,0
DA:39,0
DA:44,8
DA:47,8
DA:48,1
DA:56,8
DA:57,0
DA:65,8
DA:75,1
DA:84,1
LF:17
LH:13
BRDA:33,0,0,0
BRDA:33,0,1,8
BRDA:38,1,0,0
BRDA:38,1,1,0
BRDA:47,2,0,1
BRDA:56,3,0,0
BRDA:76,4,0,1
BRDA:76,4,1,1
BRDA:77,5,0,1
BRDA:77,5,1,1
BRF:10
BRH:6
end_of_record
TN:
SF:src/utils/validators.ts
FN:11,validateWithSchema
FN:17,(anonymous_1)
FN:30,(anonymous_2)
FN:38,(anonymous_3)
FN:50,(anonymous_4)
FN:59,(anonymous_5)
FN:67,(anonymous_6)
FN:68,(anonymous_7)
FN:79,(anonymous_8)
FN:80,(anonymous_9)
FN:81,(anonymous_10)
FN:129,validateInput
FN:140,validateOutput
FNF:13
FNH:11
FNDA:5,validateWithSchema
FNDA:3,(anonymous_1)
FNDA:5,(anonymous_2)
FNDA:6,(anonymous_3)
FNDA:5,(anonymous_4)
FNDA:6,(anonymous_5)
FNDA:2,(anonymous_6)
FNDA:5,(anonymous_7)
FNDA:2,(anonymous_8)
FNDA:4,(anonymous_9)
FNDA:8,(anonymous_10)
FNDA:0,validateInput
FNDA:0,validateOutput
DA:1,2
DA:11,2
DA:12,5
DA:13,5
DA:14,2
DA:16,3
DA:17,3
DA:19,0
DA:26,2
DA:31,5
DA:32,5
DA:39,6
DA:40,6
DA:41,3
DA:43,3
DA:51,5
DA:60,6
DA:68,2
DA:69,5
DA:80,2
DA:81,8
DA:82,4
DA:89,2
DA:129,2
DA:133,0
DA:134,0
DA:140,2
DA:144,0
DA:145,0
LF:29
LH:24
BRDA:16,0,0,3
BRDA:32,1,0,5
BRDA:32,1,1,3
BRDA:52,2,0,5
BRDA:52,2,1,4
BRDA:52,2,2,3
BRDA:60,3,0,6
BRDA:60,3,1,5
BRDA:60,3,2,3
BRDA:70,4,0,5
BRDA:70,4,1,4
BRDA:70,4,2,3
BRDA:82,5,0,4
BRDA:82,5,1,2
BRDA:133,6,0,0
BRDA:144,7,0,0
BRF:16
BRH:14
end_of_record
