TN:
SF:src/index.ts
FN:39,(anonymous_0)
FN:40,(anonymous_1)
FN:40,(anonymous_2)
FN:41,(anonymous_3)
FN:41,(anonymous_4)
FN:41,(anonymous_5)
FN:61,(anonymous_6)
FN:61,(anonymous_7)
FN:61,(anonymous_8)
FN:61,(anonymous_9)
FN:61,(anonymous_10)
FN:64,(anonymous_11)
FN:64,(anonymous_12)
FN:67,(anonymous_13)
FN:67,(anonymous_14)
FN:67,(anonymous_15)
FN:71,(anonymous_16)
FN:72,(anonymous_17)
FN:73,(anonymous_18)
FN:74,(anonymous_19)
FN:75,(anonymous_20)
FN:75,(anonymous_21)
FNF:22
FNH:0
FNDA:0,(anonymous_0)
FNDA:0,(anonymous_1)
FNDA:0,(anonymous_2)
FNDA:0,(anonymous_3)
FNDA:0,(anonymous_4)
FNDA:0,(anonymous_5)
FNDA:0,(anonymous_6)
FNDA:0,(anonymous_7)
FNDA:0,(anonymous_8)
FNDA:0,(anonymous_9)
FNDA:0,(anonymous_10)
FNDA:0,(anonymous_11)
FNDA:0,(anonymous_12)
FNDA:0,(anonymous_13)
FNDA:0,(anonymous_14)
FNDA:0,(anonymous_15)
FNDA:0,(anonymous_16)
FNDA:0,(anonymous_17)
FNDA:0,(anonymous_18)
FNDA:0,(anonymous_19)
FNDA:0,(anonymous_20)
FNDA:0,(anonymous_21)
DA:39,0
DA:40,0
DA:41,0
DA:61,0
DA:64,0
DA:67,0
DA:71,0
DA:72,0
DA:73,0
DA:74,0
DA:75,0
LF:11
LH:0
BRF:0
BRH:0
end_of_record
TN:
SF:src/cli/commands/generate.ts
FN:59,generateScraper
FN:94,promptForConfig
FN:101,(anonymous_3)
FN:129,(anonymous_4)
FN:152,promptForTemplateConfig
FN:290,promptForOutputFields
FN:300,(anonymous_7)
FN:306,(anonymous_8)
FN:353,createConfigFromOptions
FN:377,generateScraperFiles
FN:461,processTemplate
FNF:11
FNH:0
FNDA:0,generateScraper
FNDA:0,promptForConfig
FNDA:0,(anonymous_3)
FNDA:0,(anonymous_4)
FNDA:0,promptForTemplateConfig
FNDA:0,promptForOutputFields
FNDA:0,(anonymous_7)
FNDA:0,(anonymous_8)
FNDA:0,createConfigFromOptions
FNDA:0,generateScraperFiles
FNDA:0,processTemplate
DA:1,0
DA:2,0
DA:3,0
DA:4,0
DA:5,0
DA:6,0
DA:59,0
DA:60,0
DA:61,0
DA:65,0
DA:66,0
DA:68,0
DA:71,0
DA:73,0
DA:74,0
DA:75,0
DA:77,0
DA:78,0
DA:79,0
DA:80,0
DA:81,0
DA:82,0
DA:85,0
DA:86,0
DA:87,0
DA:95,0
DA:102,0
DA:103,0
DA:104,0
DA:130,0
DA:131,0
DA:132,0
DA:134,0
DA:141,0
DA:143,0
DA:156,0
DA:167,0
DA:169,0
DA:184,0
DA:190,0
DA:191,0
DA:194,0
DA:209,0
DA:214,0
DA:218,0
DA:222,0
DA:236,0
DA:237,0
DA:245,0
DA:246,0
DA:247,0
DA:255,0
DA:257,0
DA:265,0
DA:267,0
DA:271,0
DA:280,0
DA:281,0
DA:284,0
DA:291,0
DA:292,0
DA:294,0
DA:295,0
DA:300,0
DA:306,0
DA:321,0
DA:322,0
DA:330,0
DA:333,0
DA:335,0
DA:344,0
DA:347,0
DA:354,0
DA:355,0
DA:358,0
DA:378,0
DA:381,0
DA:382,0
DA:385,0
DA:386,0
DA:390,0
DA:393,0
DA:394,0
DA:395,0
DA:398,0
DA:399,0
DA:400,0
DA:403,0
DA:407,0
DA:431,0
DA:437,0
DA:452,0
DA:462,0
LF:93
LH:0
BRDA:65,0,0,0
BRDA:65,0,1,0
BRDA:74,1,0,0
BRDA:74,1,1,0
BRDA:79,2,0,0
BRDA:79,2,1,0
BRDA:86,3,0,0
BRDA:86,3,1,0
BRDA:100,4,0,0
BRDA:100,4,1,0
BRDA:102,5,0,0
BRDA:103,6,0,0
BRDA:123,7,0,0
BRDA:123,7,1,0
BRDA:167,8,0,0
BRDA:167,8,1,0
BRDA:167,8,2,0
BRDA:167,8,3,0
BRDA:236,9,0,0
BRDA:236,9,1,0
BRDA:246,10,0,0
BRDA:246,10,1,0
BRDA:280,11,0,0
BRDA:300,12,0,0
BRDA:300,12,1,0
BRDA:306,13,0,0
BRDA:306,13,1,0
BRDA:321,14,0,0
BRDA:354,15,0,0
BRDA:362,16,0,0
BRDA:362,16,1,0
BRDA:381,17,0,0
BRDA:385,18,0,0
BRDA:399,19,0,0
BRF:34
BRH:0
end_of_record
TN:
SF:src/cli/commands/init.ts
FN:19,initProject
FN:47,promptForProjectConfig
FN:54,(anonymous_3)
FN:84,createProject
FNF:4
FNH:0
FNDA:0,initProject
FNDA:0,promptForProjectConfig
FNDA:0,(anonymous_3)
FNDA:0,createProject
DA:1,0
DA:2,0
DA:3,0
DA:4,0
DA:5,0
DA:19,0
DA:20,0
DA:21,0
DA:23,0
DA:24,0
DA:26,0
DA:27,0
DA:28,0
DA:30,0
DA:31,0
DA:32,0
DA:33,0
DA:34,0
DA:35,0
DA:38,0
DA:39,0
DA:40,0
DA:48,0
DA:55,0
DA:56,0
DA:57,0
DA:78,0
DA:85,0
DA:87,0
DA:88,0
DA:92,0
DA:95,0
DA:103,0
DA:104,0
DA:107,0
DA:108,0
DA:112,0
DA:145,0
DA:151,0
DA:152,0
DA:170,0
DA:177,0
DA:207,0
DA:212,0
DA:238,0
DA:278,0
DA:281,0
DA:316,0
DA:319,0
DA:321,0
DA:373,0
LF:51
LH:0
BRDA:39,0,0,0
BRDA:39,0,1,0
BRDA:53,1,0,0
BRDA:53,1,1,0
BRDA:55,2,0,0
BRDA:56,3,0,0
BRDA:68,4,0,0
BRDA:68,4,1,0
BRDA:87,5,0,0
BRDA:103,6,0,0
BRDA:116,7,0,0
BRDA:116,7,1,0
BRDA:118,8,0,0
BRDA:118,8,1,0
BRDA:137,9,0,0
BRDA:137,9,1,0
BRDA:151,10,0,0
BRDA:177,11,0,0
BRDA:177,11,1,0
BRDA:208,12,0,0
BRDA:208,12,1,0
BRDA:265,13,0,0
BRDA:265,13,1,0
BRDA:319,14,0,0
BRDA:321,15,0,0
BRDA:321,15,1,0
BRDA:374,16,0,0
BRDA:374,16,1,0
BRF:28
BRH:0
end_of_record
TN:
SF:src/cli/commands/run.ts
FN:21,runScraper
FN:70,(anonymous_2)
FNF:2
FNH:0
FNDA:0,runScraper
FNDA:0,(anonymous_2)
DA:1,0
DA:2,0
DA:3,0
DA:4,0
DA:5,0
DA:6,0
DA:21,0
DA:22,0
DA:23,0
DA:25,0
DA:26,0
DA:27,0
DA:30,0
DA:31,0
DA:32,0
DA:35,0
DA:37,0
DA:39,0
DA:41,0
DA:42,0
DA:45,0
DA:46,0
DA:49,0
DA:50,0
DA:56,0
DA:58,0
DA:61,0
DA:63,0
DA:64,0
DA:66,0
DA:67,0
DA:68,0
DA:69,0
DA:70,0
DA:71,0
DA:74,0
DA:75,0
DA:78,0
DA:81,0
DA:84,0
DA:85,0
DA:86,0
DA:88,0
DA:89,0
DA:91,0
DA:92,0
DA:93,0
DA:95,0
DA:96,0
DA:97,0
DA:100,0
DA:102,0
DA:103,0
DA:104,0
DA:106,0
DA:107,0
DA:108,0
DA:110,0
DA:114,0
DA:117,0
DA:118,0
DA:119,0
LF:62
LH:0
BRDA:25,0,0,0
BRDA:30,1,0,0
BRDA:41,2,0,0
BRDA:41,3,0,0
BRDA:41,3,1,0
BRDA:45,4,0,0
BRDA:63,5,0,0
BRDA:67,6,0,0
BRDA:67,6,1,0
BRDA:71,7,0,0
BRDA:71,7,1,0
BRDA:81,8,0,0
BRDA:81,8,1,0
BRDA:88,9,0,0
BRDA:88,9,1,0
BRDA:104,10,0,0
BRDA:104,10,1,0
BRDA:118,11,0,0
BRDA:118,11,1,0
BRF:19
BRH:0
end_of_record
TN:
SF:src/cli/commands/validate.ts
FN:15,validateConfig
FN:50,(anonymous_2)
FN:58,(anonymous_3)
FNF:3
FNH:0
FNDA:0,validateConfig
FNDA:0,(anonymous_2)
FNDA:0,(anonymous_3)
DA:1,0
DA:2,0
DA:3,0
DA:15,0
DA:16,0
DA:17,0
DA:19,0
DA:21,0
DA:22,0
DA:23,0
DA:26,0
DA:27,0
DA:28,0
DA:30,0
DA:32,0
DA:33,0
DA:36,0
DA:37,0
DA:38,0
DA:39,0
DA:40,0
DA:41,0
DA:42,0
DA:43,0
DA:46,0
DA:47,0
DA:48,0
DA:49,0
DA:50,0
DA:51,0
DA:56,0
DA:57,0
DA:58,0
DA:59,0
DA:61,0
DA:65,0
DA:66,0
DA:67,0
LF:38
LH:0
BRDA:19,0,0,0
BRDA:19,0,1,0
BRDA:21,1,0,0
BRDA:32,2,0,0
BRDA:32,2,1,0
BRDA:47,3,0,0
BRDA:51,4,0,0
BRDA:51,4,1,0
BRDA:66,5,0,0
BRDA:66,5,1,0
BRF:10
BRH:0
end_of_record
TN:
SF:src/cli/templates/index.ts
FN:831,getTemplate
FN:842,getAvailableTemplates
FN:843,(anonymous_2)
FNF:3
FNH:0
FNDA:0,getTemplate
FNDA:0,getAvailableTemplates
FNDA:0,(anonymous_2)
DA:15,0
DA:174,0
DA:329,0
DA:499,0
DA:821,0
DA:831,0
DA:832,0
DA:833,0
DA:834,0
DA:836,0
DA:842,0
DA:843,0
LF:12
LH:0
BRDA:833,0,0,0
BRF:1
BRH:0
end_of_record
TN:
SF:src/core/browser-pool.ts
FN:17,(anonymous_0)
FN:27,(anonymous_1)
FN:33,(anonymous_2)
FN:77,(anonymous_3)
FN:78,(anonymous_4)
FN:99,(anonymous_5)
FN:105,(anonymous_6)
FN:117,(anonymous_7)
FN:149,(anonymous_8)
FN:157,(anonymous_9)
FN:167,(anonymous_10)
FN:201,(anonymous_11)
FN:216,(anonymous_12)
FN:217,(anonymous_13)
FN:218,(anonymous_14)
FN:222,(anonymous_15)
FN:223,(anonymous_16)
FN:236,(anonymous_17)
FN:252,(anonymous_18)
FN:253,(anonymous_19)
FN:254,(anonymous_20)
FNF:21
FNH:14
FNDA:7,(anonymous_0)
FNDA:11,(anonymous_1)
FNDA:4,(anonymous_2)
FNDA:10,(anonymous_3)
FNDA:12,(anonymous_4)
FNDA:6,(anonymous_5)
FNDA:4,(anonymous_6)
FNDA:9,(anonymous_7)
FNDA:8,(anonymous_8)
FNDA:9,(anonymous_9)
FNDA:10,(anonymous_10)
FNDA:10,(anonymous_11)
FNDA:0,(anonymous_12)
FNDA:0,(anonymous_13)
FNDA:0,(anonymous_14)
FNDA:0,(anonymous_15)
FNDA:0,(anonymous_16)
FNDA:0,(anonymous_17)
FNDA:7,(anonymous_18)
FNDA:8,(anonymous_19)
FNDA:0,(anonymous_20)
DA:1,1
DA:2,1
DA:3,1
DA:10,1
DA:11,7
DA:15,7
DA:18,7
DA:19,7
DA:20,7
DA:21,7
DA:28,11
DA:29,0
DA:33,11
DA:35,11
DA:36,1
DA:41,1
DA:42,0
DA:45,0
DA:48,1
DA:49,1
DA:51,1
DA:52,1
DA:56,10
DA:57,10
DA:62,10
DA:63,10
DA:65,10
DA:66,10
DA:70,0
DA:71,0
DA:78,12
DA:80,10
DA:81,10
DA:82,10
DA:84,10
DA:88,10
DA:90,0
DA:105,6
DA:106,6
DA:118,9
DA:120,9
DA:121,9
DA:123,9
DA:124,6
DA:125,1
DA:129,9
DA:130,1
DA:134,1
DA:135,1
DA:136,1
DA:137,1
DA:138,1
DA:142,1
DA:150,8
DA:151,8
DA:153,8
DA:154,8
DA:157,9
DA:158,8
DA:160,8
DA:161,8
DA:168,10
DA:174,10
DA:175,10
DA:181,10
DA:182,10
DA:184,10
DA:194,10
DA:195,10
DA:202,10
DA:203,10
DA:204,10
DA:206,0
DA:217,0
DA:218,0
DA:219,0
DA:222,0
DA:223,0
DA:225,0
DA:226,0
DA:227,0
DA:229,0
DA:230,0
DA:233,0
DA:234,0
DA:237,0
DA:238,0
DA:242,0
DA:253,7
DA:254,8
DA:255,0
DA:266,1
LF:92
LH:69
BRDA:28,0,0,0
BRDA:35,1,0,1
BRDA:41,2,0,0
BRDA:56,3,0,10
BRDA:80,4,0,10
BRDA:80,4,1,0
BRDA:118,5,0,0
BRDA:124,6,0,1
BRDA:124,7,0,6
BRDA:124,7,1,6
BRDA:129,8,0,1
BRDA:137,9,0,1
BRDA:153,10,0,8
BRDA:208,11,0,0
BRDA:208,11,1,0
BRDA:225,12,0,0
BRDA:233,13,0,0
BRDA:233,13,1,0
BRDA:256,14,0,0
BRDA:256,14,1,0
BRF:20
BRH:9
end_of_record
TN:
SF:src/core/config-manager.ts
FN:108,(anonymous_1)
FN:118,(anonymous_2)
FN:125,(anonymous_3)
FN:133,(anonymous_4)
FN:176,(anonymous_5)
FN:258,(anonymous_6)
FN:271,(anonymous_7)
FN:278,(anonymous_8)
FN:288,(anonymous_9)
FN:298,(anonymous_10)
FN:309,(anonymous_11)
FN:316,(anonymous_12)
FN:335,(anonymous_13)
FN:355,(anonymous_14)
FN:399,(anonymous_15)
FN:414,(anonymous_16)
FN:432,(anonymous_17)
FN:440,(anonymous_18)
FN:457,(anonymous_19)
FN:465,createConfig
FNF:20
FNH:20
FNDA:12,(anonymous_1)
FNDA:6,(anonymous_2)
FNDA:1,(anonymous_3)
FNDA:3,(anonymous_4)
FNDA:2,(anonymous_5)
FNDA:2,(anonymous_6)
FNDA:1,(anonymous_7)
FNDA:3,(anonymous_8)
FNDA:2,(anonymous_9)
FNDA:2,(anonymous_10)
FNDA:15,(anonymous_11)
FNDA:3,(anonymous_12)
FNDA:8,(anonymous_13)
FNDA:1,(anonymous_14)
FNDA:1,(anonymous_15)
FNDA:1,(anonymous_16)
FNDA:1,(anonymous_17)
FNDA:1,(anonymous_18)
FNDA:1,(anonymous_19)
FNDA:1,createConfig
DA:1,1
DA:2,1
DA:3,1
DA:4,1
DA:5,1
DA:7,1
DA:35,1
DA:63,1
DA:85,1
DA:103,1
DA:105,12
DA:106,12
DA:109,12
DA:110,12
DA:111,1
DA:119,6
DA:126,1
DA:127,1
DA:134,3
DA:135,0
DA:138,3
DA:139,3
DA:145,3
DA:147,1
DA:150,2
DA:153,3
DA:156,3
DA:157,1
DA:158,2
DA:163,3
DA:164,0
DA:165,0
DA:166,0
DA:170,3
DA:177,2
DA:180,2
DA:183,2
DA:189,1
DA:211,2
DA:216,1
DA:234,2
DA:235,1
DA:236,1
DA:238,1
DA:251,2
DA:252,2
DA:259,2
DA:260,2
DA:261,0
DA:264,2
DA:265,2
DA:272,1
DA:279,3
DA:281,3
DA:282,3
DA:283,2
DA:285,1
DA:286,1
DA:288,2
DA:291,0
DA:299,2
DA:300,1
DA:302,1
DA:310,15
DA:317,3
DA:319,3
DA:320,3
DA:321,0
DA:322,3
DA:323,3
DA:325,0
DA:328,0
DA:336,8
DA:343,8
DA:345,8
DA:346,8
DA:348,1
DA:357,1
DA:360,1
DA:369,1
DA:370,6
DA:371,0
DA:372,0
DA:373,0
DA:381,1
DA:388,1
DA:393,1
DA:394,1
DA:400,1
DA:401,1
DA:402,1
DA:403,1
DA:404,1
DA:405,0
DA:407,1
DA:408,1
DA:415,1
DA:416,1
DA:417,1
DA:418,1
DA:419,1
DA:420,1
DA:421,1
DA:422,1
DA:423,1
DA:424,1
DA:425,1
DA:426,1
DA:433,1
DA:434,1
DA:444,1
DA:445,1
DA:446,1
DA:447,1
DA:451,1
DA:458,1
DA:465,1
DA:466,1
LF:118
LH:105
BRDA:108,0,0,1
BRDA:110,1,0,1
BRDA:134,2,0,0
BRDA:145,3,0,1
BRDA:145,3,1,2
BRDA:145,4,0,3
BRDA:145,4,1,3
BRDA:145,4,2,2
BRDA:147,5,0,1
BRDA:147,5,1,1
BRDA:156,6,0,1
BRDA:163,7,0,0
BRDA:183,8,0,1
BRDA:184,9,0,2
BRDA:184,9,1,1
BRDA:184,9,2,1
BRDA:184,9,3,1
BRDA:190,10,0,1
BRDA:190,10,1,0
BRDA:193,11,0,0
BRDA:193,11,1,1
BRDA:198,12,0,1
BRDA:198,12,1,0
BRDA:201,13,0,0
BRDA:201,13,1,1
BRDA:211,14,0,1
BRDA:212,15,0,2
BRDA:212,15,1,1
BRDA:212,15,2,1
BRDA:217,16,0,1
BRDA:217,16,1,0
BRDA:221,17,0,0
BRDA:221,17,1,1
BRDA:226,18,0,1
BRDA:226,18,1,1
BRDA:234,19,0,1
BRDA:234,20,0,2
BRDA:234,20,1,1
BRDA:240,21,0,1
BRDA:240,21,1,0
BRDA:240,22,0,1
BRDA:240,22,1,1
BRDA:245,23,0,0
BRDA:245,23,1,1
BRDA:245,24,0,1
BRDA:245,24,1,0
BRDA:260,25,0,0
BRDA:279,26,0,3
BRDA:279,26,1,1
BRDA:285,27,0,1
BRDA:298,28,0,0
BRDA:299,29,0,1
BRDA:299,29,1,1
BRDA:320,30,0,0
BRDA:320,30,1,3
BRDA:322,31,0,3
BRDA:322,31,1,0
BRDA:322,32,0,3
BRDA:322,32,1,0
BRDA:337,33,0,8
BRDA:337,33,1,7
BRDA:338,34,0,8
BRDA:338,34,1,3
BRDA:339,35,0,8
BRDA:339,35,1,6
BRDA:340,36,0,8
BRDA:340,36,1,5
BRDA:370,37,0,0
BRDA:401,38,0,1
BRDA:402,39,0,1
BRDA:403,40,0,0
BRDA:404,41,0,0
BRDA:416,42,0,1
BRDA:417,43,0,0
BRDA:418,44,0,1
BRDA:419,45,0,0
BRDA:420,46,0,0
BRDA:421,47,0,0
BRDA:422,48,0,0
BRDA:423,49,0,0
BRDA:424,50,0,0
BRDA:433,51,0,1
BRDA:433,51,1,1
BRDA:445,52,0,1
BRDA:446,53,0,1
BRF:85
BRH:59
end_of_record
TN:
SF:src/core/scraper.ts
FN:46,(anonymous_0)
FN:57,(anonymous_1)
FN:187,(anonymous_2)
FN:195,(anonymous_3)
FN:202,(anonymous_4)
FN:209,(anonymous_5)
FN:222,(anonymous_6)
FN:235,(anonymous_7)
FN:248,(anonymous_8)
FN:265,(anonymous_9)
FN:295,(anonymous_10)
FN:340,(anonymous_11)
FN:362,(anonymous_12)
FN:389,(anonymous_13)
FN:425,(anonymous_14)
FN:437,(anonymous_15)
FN:460,(anonymous_16)
FN:483,(anonymous_17)
FN:492,(anonymous_18)
FN:493,(anonymous_19)
FNF:20
FNH:0
FNDA:0,(anonymous_0)
FNDA:0,(anonymous_1)
FNDA:0,(anonymous_2)
FNDA:0,(anonymous_3)
FNDA:0,(anonymous_4)
FNDA:0,(anonymous_5)
FNDA:0,(anonymous_6)
FNDA:0,(anonymous_7)
FNDA:0,(anonymous_8)
FNDA:0,(anonymous_9)
FNDA:0,(anonymous_10)
FNDA:0,(anonymous_11)
FNDA:0,(anonymous_12)
FNDA:0,(anonymous_13)
FNDA:0,(anonymous_14)
FNDA:0,(anonymous_15)
FNDA:0,(anonymous_16)
FNDA:0,(anonymous_17)
FNDA:0,(anonymous_18)
FNDA:0,(anonymous_19)
DA:1,0
DA:14,0
DA:38,0
DA:42,0
DA:43,0
DA:44,0
DA:47,0
DA:48,0
DA:49,0
DA:50,0
DA:51,0
DA:62,0
DA:63,0
DA:65,0
DA:70,0
DA:73,0
DA:74,0
DA:75,0
DA:76,0
DA:77,0
DA:78,0
DA:83,0
DA:85,0
DA:86,0
DA:88,0
DA:89,0
DA:99,0
DA:101,0
DA:103,0
DA:104,0
DA:105,0
DA:108,0
DA:109,0
DA:110,0
DA:111,0
DA:115,0
DA:116,0
DA:118,0
DA:120,0
DA:122,0
DA:128,0
DA:138,0
DA:140,0
DA:141,0
DA:142,0
DA:143,0
DA:146,0
DA:150,0
DA:153,0
DA:156,0
DA:162,0
DA:168,0
DA:169,0
DA:173,0
DA:179,0
DA:181,0
DA:188,0
DA:189,0
DA:196,0
DA:203,0
DA:210,0
DA:215,0
DA:216,0
DA:223,0
DA:224,0
DA:226,0
DA:227,0
DA:228,0
DA:236,0
DA:237,0
DA:238,0
DA:239,0
DA:240,0
DA:249,0
DA:252,0
DA:253,0
DA:254,0
DA:258,0
DA:259,0
DA:269,0
DA:272,0
DA:274,0
DA:275,0
DA:278,0
DA:279,0
DA:283,0
DA:286,0
DA:289,0
DA:299,0
DA:300,0
DA:302,0
DA:304,0
DA:305,0
DA:308,0
DA:309,0
DA:311,0
DA:312,0
DA:315,0
DA:316,0
DA:318,0
DA:323,0
DA:324,0
DA:325,0
DA:330,0
DA:333,0
DA:344,0
DA:345,0
DA:347,0
DA:349,0
DA:350,0
DA:351,0
DA:355,0
DA:359,0
DA:360,0
DA:361,0
DA:362,0
DA:366,0
DA:370,0
DA:371,0
DA:372,0
DA:374,0
DA:379,0
DA:382,0
DA:395,0
DA:396,0
DA:397,0
DA:398,0
DA:400,0
DA:408,0
DA:409,0
DA:410,0
DA:411,0
DA:413,0
DA:426,0
DA:427,0
DA:428,0
DA:429,0
DA:431,0
DA:443,0
DA:466,0
DA:484,0
DA:485,0
DA:493,0
LF:143
LH:0
BRDA:67,0,0,0
BRDA:67,0,1,0
BRDA:73,1,0,0
BRDA:75,2,0,0
BRDA:108,3,0,0
BRDA:110,4,0,0
BRDA:120,5,0,0
BRDA:120,5,1,0
BRDA:140,6,0,0
BRDA:150,7,0,0
BRDA:223,8,0,0
BRDA:227,9,0,0
BRDA:237,10,0,0
BRDA:239,11,0,0
BRDA:253,12,0,0
BRDA:274,13,0,0
BRDA:278,14,0,0
BRDA:302,15,0,0
BRDA:302,15,1,0
BRDA:302,15,2,0
BRDA:302,15,3,0
BRDA:302,15,4,0
BRDA:311,16,0,0
BRDA:315,17,0,0
BRDA:347,18,0,0
BRDA:347,18,1,0
BRDA:347,18,2,0
BRDA:347,18,3,0
BRDA:347,18,4,0
BRDA:350,19,0,0
BRDA:360,20,0,0
BRDA:362,21,0,0
BRDA:362,21,1,0
BRDA:371,22,0,0
BRDA:395,23,0,0
BRDA:395,23,1,0
BRDA:402,24,0,0
BRDA:402,24,1,0
BRDA:408,25,0,0
BRDA:408,25,1,0
BRDA:416,26,0,0
BRDA:416,26,1,0
BRDA:426,27,0,0
BRDA:426,28,0,0
BRDA:426,28,1,0
BRDA:426,28,2,0
BRDA:485,29,0,0
BRDA:485,29,1,0
BRF:48
BRH:0
end_of_record
TN:
SF:src/plugins/index.ts
FN:13,(anonymous_0)
FN:18,(anonymous_1)
FN:22,(anonymous_2)
FN:28,(anonymous_3)
FN:42,(anonymous_4)
FN:46,(anonymous_5)
FN:51,(anonymous_6)
FN:62,(anonymous_7)
FN:73,(anonymous_8)
FN:80,(anonymous_9)
FN:87,(anonymous_10)
FN:105,(anonymous_11)
FN:109,(anonymous_12)
FN:113,(anonymous_13)
FN:127,(anonymous_14)
FN:134,(anonymous_15)
FN:147,(anonymous_16)
FN:163,(anonymous_17)
FN:168,(anonymous_18)
FN:172,(anonymous_19)
FN:198,(anonymous_20)
FN:210,(anonymous_21)
FN:248,(anonymous_22)
FN:254,(anonymous_23)
FN:259,(anonymous_24)
FN:264,(anonymous_25)
FN:269,(anonymous_26)
FN:280,(anonymous_27)
FN:287,(anonymous_28)
FNF:29
FNH:0
FNDA:0,(anonymous_0)
FNDA:0,(anonymous_1)
FNDA:0,(anonymous_2)
FNDA:0,(anonymous_3)
FNDA:0,(anonymous_4)
FNDA:0,(anonymous_5)
FNDA:0,(anonymous_6)
FNDA:0,(anonymous_7)
FNDA:0,(anonymous_8)
FNDA:0,(anonymous_9)
FNDA:0,(anonymous_10)
FNDA:0,(anonymous_11)
FNDA:0,(anonymous_12)
FNDA:0,(anonymous_13)
FNDA:0,(anonymous_14)
FNDA:0,(anonymous_15)
FNDA:0,(anonymous_16)
FNDA:0,(anonymous_17)
FNDA:0,(anonymous_18)
FNDA:0,(anonymous_19)
FNDA:0,(anonymous_20)
FNDA:0,(anonymous_21)
FNDA:0,(anonymous_22)
FNDA:0,(anonymous_23)
FNDA:0,(anonymous_24)
FNDA:0,(anonymous_25)
FNDA:0,(anonymous_26)
FNDA:0,(anonymous_27)
FNDA:0,(anonymous_28)
DA:6,0
DA:7,0
DA:8,0
DA:14,0
DA:15,0
DA:19,0
DA:23,0
DA:28,0
DA:35,0
DA:36,0
DA:37,0
DA:39,0
DA:43,0
DA:47,0
DA:48,0
DA:52,0
DA:53,0
DA:55,0
DA:57,0
DA:58,0
DA:63,0
DA:64,0
DA:65,0
DA:74,0
DA:81,0
DA:88,0
DA:98,0
DA:99,0
DA:100,0
DA:103,0
DA:106,0
DA:110,0
DA:114,0
DA:115,0
DA:116,0
DA:120,0
DA:128,0
DA:135,0
DA:136,0
DA:137,0
DA:138,0
DA:139,0
DA:148,0
DA:155,0
DA:156,0
DA:157,0
DA:159,0
DA:164,0
DA:165,0
DA:169,0
DA:173,0
DA:174,0
DA:176,0
DA:177,0
DA:178,0
DA:179,0
DA:183,0
DA:187,0
DA:188,0
DA:192,0
DA:193,0
DA:194,0
DA:195,0
DA:197,0
DA:198,0
DA:204,0
DA:211,0
DA:213,0
DA:214,0
DA:220,0
DA:227,0
DA:228,0
DA:229,0
DA:231,0
DA:249,0
DA:250,0
DA:251,0
DA:255,0
DA:256,0
DA:260,0
DA:261,0
DA:265,0
DA:266,0
DA:270,0
DA:271,0
DA:272,0
DA:273,0
DA:281,0
DA:288,0
LF:89
LH:0
BRDA:13,0,0,0
BRDA:14,1,0,0
BRDA:14,1,1,0
BRDA:15,2,0,0
BRDA:15,2,1,0
BRDA:42,3,0,0
BRDA:43,4,0,0
BRDA:43,4,1,0
BRDA:55,5,0,0
BRDA:55,6,0,0
BRDA:55,6,1,0
BRDA:63,7,0,0
BRDA:114,8,0,0
BRDA:114,9,0,0
BRDA:114,9,1,0
BRDA:136,10,0,0
BRDA:138,11,0,0
BRDA:163,12,0,0
BRDA:164,13,0,0
BRDA:164,13,1,0
BRDA:165,14,0,0
BRDA:165,14,1,0
BRDA:173,15,0,0
BRDA:173,15,1,0
BRDA:177,16,0,0
BRDA:187,17,0,0
BRDA:187,17,1,0
BRDA:192,18,0,0
BRDA:194,19,0,0
BRDA:197,20,0,0
BRDA:270,21,0,0
BRDA:270,22,0,0
BRDA:270,22,1,0
BRF:33
BRH:0
end_of_record
TN:
SF:src/utils/logger.ts
FN:26,createLogger
FN:37,(anonymous_2)
FNF:2
FNH:1
FNDA:8,createLogger
FNDA:0,(anonymous_2)
DA:1,1
DA:26,1
DA:27,8
DA:30,8
DA:33,8
DA:34,0
DA:36,8
DA:38,0
DA:39,0
DA:44,8
DA:47,8
DA:48,1
DA:56,8
DA:57,0
DA:65,8
DA:75,1
DA:84,1
LF:17
LH:13
BRDA:33,0,0,0
BRDA:33,0,1,8
BRDA:38,1,0,0
BRDA:38,1,1,0
BRDA:47,2,0,1
BRDA:56,3,0,0
BRDA:76,4,0,1
BRDA:76,4,1,1
BRDA:77,5,0,1
BRDA:77,5,1,1
BRF:10
BRH:6
end_of_record
TN:
SF:src/utils/validators.ts
FN:11,validateWithSchema
FN:17,(anonymous_1)
FN:30,(anonymous_2)
FN:38,(anonymous_3)
FN:50,(anonymous_4)
FN:59,(anonymous_5)
FN:67,(anonymous_6)
FN:68,(anonymous_7)
FN:79,(anonymous_8)
FN:80,(anonymous_9)
FN:81,(anonymous_10)
FN:129,validateInput
FN:140,validateOutput
FNF:13
FNH:11
FNDA:5,validateWithSchema
FNDA:3,(anonymous_1)
FNDA:5,(anonymous_2)
FNDA:6,(anonymous_3)
FNDA:5,(anonymous_4)
FNDA:6,(anonymous_5)
FNDA:2,(anonymous_6)
FNDA:5,(anonymous_7)
FNDA:2,(anonymous_8)
FNDA:4,(anonymous_9)
FNDA:8,(anonymous_10)
FNDA:0,validateInput
FNDA:0,validateOutput
DA:1,2
DA:11,2
DA:12,5
DA:13,5
DA:14,2
DA:16,3
DA:17,3
DA:19,0
DA:26,2
DA:31,5
DA:32,5
DA:39,6
DA:40,6
DA:41,3
DA:43,3
DA:51,5
DA:60,6
DA:68,2
DA:69,5
DA:80,2
DA:81,8
DA:82,4
DA:89,2
DA:129,2
DA:133,0
DA:134,0
DA:140,2
DA:144,0
DA:145,0
LF:29
LH:24
BRDA:16,0,0,3
BRDA:32,1,0,5
BRDA:32,1,1,3
BRDA:52,2,0,5
BRDA:52,2,1,4
BRDA:52,2,2,3
BRDA:60,3,0,6
BRDA:60,3,1,5
BRDA:60,3,2,3
BRDA:70,4,0,5
BRDA:70,4,1,4
BRDA:70,4,2,3
BRDA:82,5,0,4
BRDA:82,5,1,2
BRDA:133,6,0,0
BRDA:144,7,0,0
BRF:16
BRH:14
end_of_record
